<?xml version="1.0" encoding="UTF-8"?>
<!-- Generated by org.testng.reporters.JUnitXMLReporter -->
<testsuite ignored="0" hostname="Ajit" failures="0" tests="5" name="Test" time="121.264" errors="0" timestamp="16 Nov 2025 14:38:37 GMT">
  <testcase classname="Implementation.InsiderApp_Test" name="Insider_HomePage" time="17.61"/>
  <testcase classname="Implementation.InsiderApp_Test" name="Validate_CompanyMenu" time="55.391"/>
  <testcase classname="Implementation.InsiderApp_Test" name="Validate_QAJobs" time="35.863"/>
  <testcase classname="Implementation.InsiderApp_Test" name="Validate_All_QAJobs_Contains" time="2.074"/>
  <testcase classname="Implementation.InsiderApp_Test" name="Validate_ViewRole" time="9.055"/>
</testsuite> <!-- Test -->
