<?xml version="1.0" encoding="UTF-8"?>
<testsuite xmlns:xsi="http://www.w3.org/2001/XMLSchema-instance" xsi:noNamespaceSchemaLocation="https://maven.apache.org/surefire/maven-surefire-plugin/xsd/surefire-test-report.xsd" name="TestSuite" time="12.19" tests="6" errors="0" skipped="0" failures="1">
  <properties>
[...]
</properties>
  <testcase name="createPet" classname="Implementation.PetStoreCRUDTest" time="2.99"/>
  <testcase name="getPet" classname="Implementation.PetStoreCRUDTest" time="1.53">
    <failure message="1 expectation failed.&#10;Expected status code &lt;200&gt; but was &lt;404&gt;.&#10;" type="java.lang.AssertionError"><![CDATA[java.lang.AssertionError: 
1 expectation failed.
Expected status code <200> but was <404>.

	at Implementation.PetStoreCRUDTest.getPet(PetStoreCRUDTest.java:71)
]]></failure>
  </testcase>
  <testcase name="updatePet" classname="Implementation.PetStoreCRUDTest" time="1.448"/>
  <testcase name="deletePet" classname="Implementation.PetStoreCRUDTest" time="1.459"/>
  <testcase name="getPetNegative" classname="Implementation.PetStoreCRUDTest" time="1.469"/>
  <testcase name="createPetInvalidJson" classname="Implementation.PetStoreCRUDTest" time="1.514"/>
</testsuite>