-------------------------------------------------------------------------------
Test set: TestSuite
-------------------------------------------------------------------------------
Tests run: 6, Failures: 1, Errors: 0, Skipped: 0, Time elapsed: 12.19 s <<< FAILURE! - in TestSuite
getPet(Implementation.PetStoreCRUDTest)  Time elapsed: 1.53 s  <<< FAILURE!
java.lang.AssertionError: 
1 expectation failed.
Expected status code <200> but was <404>.

	at Implementation.PetStoreCRUDTest.getPet(PetStoreCRUDTest.java:71)

