<?xml version="1.0" encoding="UTF-8"?>
<!-- Generated by org.testng.reporters.JUnitReportReporter -->
<testsuite hostname="vs900408" failures="0" tests="13" name="Implementation.Login_test" time="1297.469" errors="0" timestamp="21 Mar 2025 18:35:42 GMT" skipped="0">
  <testcase classname="Implementation.Login_test" name="Login_Scenarios" time="83.061"/>
  <testcase classname="Implementation.Login_test" name="Dashboard_Scenarios" time="669.163"/>
  <testcase classname="Implementation.Login_test" name="UnitFilter_Scenarios" time="2.835"/>
  <testcase classname="Implementation.Login_test" name="Reports_Scenarios" time="127.297"/>
  <testcase classname="Implementation.Login_test" name="HeaderConfig_Scenarios" time="2.819"/>
  <testcase classname="Implementation.Login_test" name="ActivityLog_Scenarios" time="2.820"/>
  <testcase classname="Implementation.Login_test" name="Appointment_Scenarios" time="76.485"/>
  <testcase classname="Implementation.Login_test" name="SurgicalSchedule_Scenarios" time="2.820"/>
  <testcase classname="Implementation.Login_test" name="EDDashboard_Scenarios" time="313.854"/>
  <testcase classname="Implementation.Login_test" name="Users_Scenarios" time="2.823"/>
  <testcase classname="Implementation.Login_test" name="SortingFiltering" time="2.840"/>
  <testcase classname="Implementation.Login_test" name="ProviderReportFiltering" time="2.525"/>
  <testcase classname="Implementation.Login_test" name="Registration_Scenarios" time="8.127"/>
</testsuite> <!-- Implementation.Login_test -->
