<?xml version="1.0" encoding="UTF-8"?>
<!-- Generated by org.testng.reporters.JUnitReportReporter -->
<testsuite hostname="Ajit" failures="0" tests="5" name="Implementation.InsiderApp_Test" time="0.353" errors="0" timestamp="16 Nov 2025 14:49:18 GMT" skipped="0">
  <testcase classname="Implementation.InsiderApp_Test" name="Insider_HomePage" time="0.051"/>
  <testcase classname="Implementation.InsiderApp_Test" name="Validate_CompanyMenu" time="0.029"/>
  <testcase classname="Implementation.InsiderApp_Test" name="Validate_QAJobs" time="0.031"/>
  <testcase classname="Implementation.InsiderApp_Test" name="Validate_All_QAJobs_Contains" time="0.206"/>
  <testcase classname="Implementation.InsiderApp_Test" name="Validate_ViewRole" time="0.036"/>
</testsuite> <!-- Implementation.InsiderApp_Test -->
