<?xml version="1.0" encoding="UTF-8"?>
<!-- Generated by org.testng.reporters.JUnitReportReporter -->
<testsuite hostname="Ajit" failures="0" tests="5" name="Implementation.InsiderApp_Test" time="121.216" errors="0" timestamp="16 Nov 2025 14:38:37 GMT" skipped="0">
  <testcase classname="Implementation.InsiderApp_Test" name="Insider_HomePage" time="17.698"/>
  <testcase classname="Implementation.InsiderApp_Test" name="Validate_CompanyMenu" time="55.461"/>
  <testcase classname="Implementation.InsiderApp_Test" name="Validate_QAJobs" time="35.943"/>
  <testcase classname="Implementation.InsiderApp_Test" name="Validate_All_QAJobs_Contains" time="2.980"/>
  <testcase classname="Implementation.InsiderApp_Test" name="Validate_ViewRole" time="9.134"/>
</testsuite> <!-- Implementation.InsiderApp_Test -->
