<?xml version="1.0" encoding="UTF-8"?>
<testng-results ignored="0" total="5" passed="5" failed="0" skipped="0">
  <reporter-output>
  </reporter-output>
  <suite started-at="2025-11-16T14:49:17Z" name="Default suite" finished-at="2025-11-16T14:49:18Z" duration-ms="377">
    <groups>
    </groups>
    <test started-at="2025-11-16T14:49:17Z" name="Default test" finished-at="2025-11-16T14:49:18Z" duration-ms="377">
      <class name="Implementation.InsiderApp_Test">
        <test-method is-config="true" signature="beforesuitreport()[pri:0, instance:Implementation.InsiderApp_Test@14a50707]" started-at="2025-11-16T14:49:13Z" name="beforesuitreport" finished-at="2025-11-16T14:49:13Z" duration-ms="152" status="PASS">
          <reporter-output>
          </reporter-output>
        </test-method> <!-- beforesuitreport -->
        <test-method is-config="true" signature="setUp()[pri:0, instance:Implementation.InsiderApp_Test@14a50707]" started-at="2025-11-16T14:49:13Z" name="setUp" finished-at="2025-11-16T14:49:17Z" depends-on-methods="Utility.ExtentReports.ExtentRepotEx.beforesuitreport" duration-ms="4794" status="PASS">
          <reporter-output>
          </reporter-output>
        </test-method> <!-- setUp -->
        <test-method is-config="true" signature="reportconfiguration(java.lang.reflect.Method)[pri:0, instance:Implementation.InsiderApp_Test@14a50707]" started-at="2025-11-16T14:49:17Z" name="reportconfiguration" finished-at="2025-11-16T14:49:18Z" duration-ms="7" status="PASS">
          <params>
            <param index="0">
              <value>
                <![CDATA[public void Implementation.InsiderApp_Test.Insider_HomePage() throws java.lang.InterruptedException,java.io.IOException]]>
              </value>
            </param>
          </params>
          <reporter-output>
          </reporter-output>
        </test-method> <!-- reportconfiguration -->
        <test-method signature="Insider_HomePage()[pri:1, instance:Implementation.InsiderApp_Test@14a50707]" started-at="2025-11-16T14:49:18Z" name="Insider_HomePage" finished-at="2025-11-16T14:49:18Z" duration-ms="22" status="PASS">
          <reporter-output>
          </reporter-output>
        </test-method> <!-- Insider_HomePage -->
        <test-method is-config="true" signature="endTest(org.testng.ITestResult)[pri:0, instance:Implementation.InsiderApp_Test@14a50707]" started-at="2025-11-16T14:49:18Z" name="endTest" finished-at="2025-11-16T14:49:18Z" duration-ms="203" status="PASS">
          <params>
            <param index="0">
              <value>
                <![CDATA[[TestResult name=Insider_HomePage status=SUCCESS method=InsiderApp_Test.Insider_HomePage()[pri:1, instance:Implementation.InsiderApp_Test@14a50707] output={null}]]]>
              </value>
            </param>
          </params>
          <reporter-output>
          </reporter-output>
        </test-method> <!-- endTest -->
        <test-method is-config="true" signature="reportconfiguration(java.lang.reflect.Method)[pri:0, instance:Implementation.InsiderApp_Test@14a50707]" started-at="2025-11-16T14:49:18Z" name="reportconfiguration" finished-at="2025-11-16T14:49:18Z" duration-ms="0" status="PASS">
          <params>
            <param index="0">
              <value>
                <![CDATA[public void Implementation.InsiderApp_Test.Validate_CompanyMenu() throws java.lang.InterruptedException]]>
              </value>
            </param>
          </params>
          <reporter-output>
          </reporter-output>
        </test-method> <!-- reportconfiguration -->
        <test-method signature="Validate_CompanyMenu()[pri:2, instance:Implementation.InsiderApp_Test@14a50707]" started-at="2025-11-16T14:49:18Z" name="Validate_CompanyMenu" finished-at="2025-11-16T14:49:18Z" duration-ms="3" status="PASS">
          <reporter-output>
          </reporter-output>
        </test-method> <!-- Validate_CompanyMenu -->
        <test-method is-config="true" signature="endTest(org.testng.ITestResult)[pri:0, instance:Implementation.InsiderApp_Test@14a50707]" started-at="2025-11-16T14:49:18Z" name="endTest" finished-at="2025-11-16T14:49:18Z" duration-ms="27" status="PASS">
          <params>
            <param index="0">
              <value>
                <![CDATA[[TestResult name=Validate_CompanyMenu status=SUCCESS method=InsiderApp_Test.Validate_CompanyMenu()[pri:2, instance:Implementation.InsiderApp_Test@14a50707] output={null}]]]>
              </value>
            </param>
          </params>
          <reporter-output>
          </reporter-output>
        </test-method> <!-- endTest -->
        <test-method is-config="true" signature="reportconfiguration(java.lang.reflect.Method)[pri:0, instance:Implementation.InsiderApp_Test@14a50707]" started-at="2025-11-16T14:49:18Z" name="reportconfiguration" finished-at="2025-11-16T14:49:18Z" duration-ms="0" status="PASS">
          <params>
            <param index="0">
              <value>
                <![CDATA[public void Implementation.InsiderApp_Test.Validate_QAJobs() throws java.lang.InterruptedException]]>
              </value>
            </param>
          </params>
          <reporter-output>
          </reporter-output>
        </test-method> <!-- reportconfiguration -->
        <test-method signature="Validate_QAJobs()[pri:3, instance:Implementation.InsiderApp_Test@14a50707]" started-at="2025-11-16T14:49:18Z" name="Validate_QAJobs" finished-at="2025-11-16T14:49:18Z" duration-ms="4" status="PASS">
          <reporter-output>
          </reporter-output>
        </test-method> <!-- Validate_QAJobs -->
        <test-method is-config="true" signature="endTest(org.testng.ITestResult)[pri:0, instance:Implementation.InsiderApp_Test@14a50707]" started-at="2025-11-16T14:49:18Z" name="endTest" finished-at="2025-11-16T14:49:18Z" duration-ms="26" status="PASS">
          <params>
            <param index="0">
              <value>
                <![CDATA[[TestResult name=Validate_QAJobs status=SUCCESS method=InsiderApp_Test.Validate_QAJobs()[pri:3, instance:Implementation.InsiderApp_Test@14a50707] output={null}]]]>
              </value>
            </param>
          </params>
          <reporter-output>
          </reporter-output>
        </test-method> <!-- endTest -->
        <test-method signature="Validate_All_QAJobs_Contains()[pri:4, instance:Implementation.InsiderApp_Test@14a50707]" started-at="2025-11-16T14:49:18Z" name="Validate_All_QAJobs_Contains" finished-at="2025-11-16T14:49:18Z" duration-ms="2" status="PASS">
          <reporter-output>
          </reporter-output>
        </test-method> <!-- Validate_All_QAJobs_Contains -->
        <test-method is-config="true" signature="reportconfiguration(java.lang.reflect.Method)[pri:0, instance:Implementation.InsiderApp_Test@14a50707]" started-at="2025-11-16T14:49:18Z" name="reportconfiguration" finished-at="2025-11-16T14:49:18Z" duration-ms="0" status="PASS">
          <params>
            <param index="0">
              <value>
                <![CDATA[public void Implementation.InsiderApp_Test.Validate_All_QAJobs_Contains() throws java.lang.InterruptedException]]>
              </value>
            </param>
          </params>
          <reporter-output>
          </reporter-output>
        </test-method> <!-- reportconfiguration -->
        <test-method is-config="true" signature="endTest(org.testng.ITestResult)[pri:0, instance:Implementation.InsiderApp_Test@14a50707]" started-at="2025-11-16T14:49:18Z" name="endTest" finished-at="2025-11-16T14:49:18Z" duration-ms="29" status="PASS">
          <params>
            <param index="0">
              <value>
                <![CDATA[[TestResult name=Validate_All_QAJobs_Contains status=SUCCESS method=InsiderApp_Test.Validate_All_QAJobs_Contains()[pri:4, instance:Implementation.InsiderApp_Test@14a50707] output={null}]]]>
              </value>
            </param>
          </params>
          <reporter-output>
          </reporter-output>
        </test-method> <!-- endTest -->
        <test-method is-config="true" signature="reportconfiguration(java.lang.reflect.Method)[pri:0, instance:Implementation.InsiderApp_Test@14a50707]" started-at="2025-11-16T14:49:18Z" name="reportconfiguration" finished-at="2025-11-16T14:49:18Z" duration-ms="1" status="PASS">
          <params>
            <param index="0">
              <value>
                <![CDATA[public void Implementation.InsiderApp_Test.Validate_ViewRole() throws java.lang.InterruptedException]]>
              </value>
            </param>
          </params>
          <reporter-output>
          </reporter-output>
        </test-method> <!-- reportconfiguration -->
        <test-method signature="Validate_ViewRole()[pri:5, instance:Implementation.InsiderApp_Test@14a50707]" started-at="2025-11-16T14:49:18Z" name="Validate_ViewRole" finished-at="2025-11-16T14:49:18Z" duration-ms="2" status="PASS">
          <reporter-output>
          </reporter-output>
        </test-method> <!-- Validate_ViewRole -->
        <test-method is-config="true" signature="endTest(org.testng.ITestResult)[pri:0, instance:Implementation.InsiderApp_Test@14a50707]" started-at="2025-11-16T14:49:18Z" name="endTest" finished-at="2025-11-16T14:49:18Z" duration-ms="27" status="PASS">
          <params>
            <param index="0">
              <value>
                <![CDATA[[TestResult name=Validate_ViewRole status=SUCCESS method=InsiderApp_Test.Validate_ViewRole()[pri:5, instance:Implementation.InsiderApp_Test@14a50707] output={null}]]]>
              </value>
            </param>
          </params>
          <reporter-output>
          </reporter-output>
        </test-method> <!-- endTest -->
        <test-method is-config="true" signature="teanDown()[pri:0, instance:Implementation.InsiderApp_Test@14a50707]" started-at="2025-11-16T14:49:18Z" name="teanDown" finished-at="2025-11-16T14:49:18Z" depends-on-methods="PO.CommonFunctionality.BaseClass.tearDown" duration-ms="32" status="PASS">
          <reporter-output>
          </reporter-output>
        </test-method> <!-- teanDown -->
        <test-method is-config="true" signature="tearDown()[pri:0, instance:Implementation.InsiderApp_Test@14a50707]" started-at="2025-11-16T14:49:18Z" name="tearDown" finished-at="2025-11-16T14:49:18Z" duration-ms="0" status="PASS">
          <reporter-output>
          </reporter-output>
        </test-method> <!-- tearDown -->
      </class> <!-- Implementation.InsiderApp_Test -->
    </test> <!-- Default test -->
  </suite> <!-- Default suite -->
</testng-results>
