<?xml version="1.0" encoding="UTF-8"?>
<!-- Generated by org.testng.reporters.JUnitXMLReporter -->
<testsuite ignored="0" hostname="Ajit" failures="0" tests="5" name="Default test" time="0.377" errors="0" timestamp="16 Nov 2025 14:49:18 GMT">
  <testcase classname="Implementation.InsiderApp_Test" name="Insider_HomePage" time="0.022"/>
  <testcase classname="Implementation.InsiderApp_Test" name="Validate_CompanyMenu" time="0.003"/>
  <testcase classname="Implementation.InsiderApp_Test" name="Validate_QAJobs" time="0.004"/>
  <testcase classname="Implementation.InsiderApp_Test" name="Validate_All_QAJobs_Contains" time="0.002"/>
  <testcase classname="Implementation.InsiderApp_Test" name="Validate_ViewRole" time="0.002"/>
</testsuite> <!-- Default test -->
