<?xml version="1.0" encoding="UTF-8"?>
<!-- Generated by org.testng.reporters.JUnitXMLReporter -->
<testsuite ignored="3" hostname="A825978-W101" failures="0" tests="2" name="Test" time="0.615" errors="0" timestamp="06 Dec 2024 19:08:49 GMT">
  <testcase classname="Implementation.Login_test" name="SortingFiltering" time="0.2"/>
  <testcase classname="Implementation.Login_test" name="ProviderReportFiltering" time="0.004"/>
  <testcase classname="PO.CommonFunctionality.BaseClass" name="@BeforeSuite setUp" time="0.0">
    <ignored/>
  </testcase> <!-- @BeforeSuite setUp -->
  <testcase classname="Utility.ExtentReports.ExtentRepotEx" name="@AfterSuite teanDown" time="0.0">
    <ignored/>
  </testcase> <!-- @AfterSuite teanDown -->
  <testcase classname="Utility.ExtentReports.ExtentRepotEx" name="@BeforeSuite beforesuitreport" time="0.0">
    <ignored/>
  </testcase> <!-- @BeforeSuite beforesuitreport -->
</testsuite> <!-- Test -->
